[DEBUG] 2024-09-20 01:35:06 (analyze-nat-gas.py:74) Loaded nat gas file data/Nat_Gas.csv into dataframe: 
                     Dates     Prices
count                   48  48.000000
mean   2022-10-15 08:00:00  11.207083
min    2020-10-31 00:00:00   9.840000
25%    2021-10-23 06:00:00  10.650000
50%    2022-10-15 12:00:00  11.300000
75%    2023-10-07 18:00:00  11.625000
max    2024-09-30 00:00:00  12.800000
std                    NaN   0.757897

[DEBUG] 2024-09-20 01:35:06 (analyze-nat-gas.py:75) df:
        Dates  Prices
0  2020-10-31   10.10
1  2020-11-30   10.30
2  2020-12-31   11.00
3  2021-01-31   10.90
4  2021-02-28   10.90
5  2021-03-31   10.90
6  2021-04-30   10.40
7  2021-05-31    9.84
8  2021-06-30   10.00
9  2021-07-31   10.10
10 2021-08-31   10.30
11 2021-09-30   10.20
12 2021-10-31   10.10
13 2021-11-30   11.20
14 2021-12-31   11.40
15 2022-01-31   11.50
16 2022-02-28   11.80
17 2022-03-31   11.50
18 2022-04-30   10.70
19 2022-05-31   10.70
20 2022-06-30   10.40
21 2022-07-31   10.50
22 2022-08-31   10.40
23 2022-09-30   10.80
24 2022-10-31   11.00
25 2022-11-30   11.60
26 2022-12-31   11.60
27 2023-01-31   12.10
28 2023-02-28   11.70
29 2023-03-31   12.00
30 2023-04-30   11.50
31 2023-05-31   11.20
32 2023-06-30   10.90
33 2023-07-31   11.40
34 2023-08-31   11.10
35 2023-09-30   11.50
36 2023-10-31   11.80
37 2023-11-30   12.20
38 2023-12-31   12.80
39 2024-01-31   12.60
40 2024-02-29   12.40
41 2024-03-31   12.70
42 2024-04-30   12.10
43 2024-05-31   11.40
44 2024-06-30   11.50
45 2024-07-31   11.60
46 2024-08-31   11.50
47 2024-09-30   11.80

[DEBUG] 2024-09-20 01:35:06 (analyze-nat-gas.py:74) Loaded nat gas file data/Nat_Gas.csv into dataframe: 
                     Dates     Prices
count                   48  48.000000
mean   2022-10-15 08:00:00  11.207083
min    2020-10-31 00:00:00   9.840000
25%    2021-10-23 06:00:00  10.650000
50%    2022-10-15 12:00:00  11.300000
75%    2023-10-07 18:00:00  11.625000
max    2024-09-30 00:00:00  12.800000
std                    NaN   0.757897

[DEBUG] 2024-09-20 01:35:06 (analyze-nat-gas.py:75) df:
        Dates  Prices
0  2020-10-31   10.10
1  2020-11-30   10.30
2  2020-12-31   11.00
3  2021-01-31   10.90
4  2021-02-28   10.90
5  2021-03-31   10.90
6  2021-04-30   10.40
7  2021-05-31    9.84
8  2021-06-30   10.00
9  2021-07-31   10.10
10 2021-08-31   10.30
11 2021-09-30   10.20
12 2021-10-31   10.10
13 2021-11-30   11.20
14 2021-12-31   11.40
15 2022-01-31   11.50
16 2022-02-28   11.80
17 2022-03-31   11.50
18 2022-04-30   10.70
19 2022-05-31   10.70
20 2022-06-30   10.40
21 2022-07-31   10.50
22 2022-08-31   10.40
23 2022-09-30   10.80
24 2022-10-31   11.00
25 2022-11-30   11.60
26 2022-12-31   11.60
27 2023-01-31   12.10
28 2023-02-28   11.70
29 2023-03-31   12.00
30 2023-04-30   11.50
31 2023-05-31   11.20
32 2023-06-30   10.90
33 2023-07-31   11.40
34 2023-08-31   11.10
35 2023-09-30   11.50
36 2023-10-31   11.80
37 2023-11-30   12.20
38 2023-12-31   12.80
39 2024-01-31   12.60
40 2024-02-29   12.40
41 2024-03-31   12.70
42 2024-04-30   12.10
43 2024-05-31   11.40
44 2024-06-30   11.50
45 2024-07-31   11.60
46 2024-08-31   11.50
47 2024-09-30   11.80

[INFO] 2024-09-20 01:35:06 (analyze-nat-gas.py:82) Analyzing dataframe...

[INFO] 2024-09-20 01:35:06 (analyze-nat-gas.py:84) df.shape:
(48, 2)

[INFO] 2024-09-20 01:35:06 (analyze-nat-gas.py:86) df.dtypes:
Dates     datetime64[ns]
Prices           float64
dtype: object

[INFO] 2024-09-20 01:35:06 (analyze-nat-gas.py:88) df.info:
<bound method DataFrame.info of         Dates  Prices
0  2020-10-31   10.10
1  2020-11-30   10.30
2  2020-12-31   11.00
3  2021-01-31   10.90
4  2021-02-28   10.90
5  2021-03-31   10.90
6  2021-04-30   10.40
7  2021-05-31    9.84
8  2021-06-30   10.00
9  2021-07-31   10.10
10 2021-08-31   10.30
11 2021-09-30   10.20
12 2021-10-31   10.10
13 2021-11-30   11.20
14 2021-12-31   11.40
15 2022-01-31   11.50
16 2022-02-28   11.80
17 2022-03-31   11.50
18 2022-04-30   10.70
19 2022-05-31   10.70
20 2022-06-30   10.40
21 2022-07-31   10.50
22 2022-08-31   10.40
23 2022-09-30   10.80
24 2022-10-31   11.00
25 2022-11-30   11.60
26 2022-12-31   11.60
27 2023-01-31   12.10
28 2023-02-28   11.70
29 2023-03-31   12.00
30 2023-04-30   11.50
31 2023-05-31   11.20
32 2023-06-30   10.90
33 2023-07-31   11.40
34 2023-08-31   11.10
35 2023-09-30   11.50
36 2023-10-31   11.80
37 2023-11-30   12.20
38 2023-12-31   12.80
39 2024-01-31   12.60
40 2024-02-29   12.40
41 2024-03-31   12.70
42 2024-04-30   12.10
43 2024-05-31   11.40
44 2024-06-30   11.50
45 2024-07-31   11.60
46 2024-08-31   11.50
47 2024-09-30   11.80>

[INFO] 2024-09-20 01:35:06 (analyze-nat-gas.py:90) df.describe:
                     Dates     Prices
count                   48  48.000000
mean   2022-10-15 08:00:00  11.207083
min    2020-10-31 00:00:00   9.840000
25%    2021-10-23 06:00:00  10.650000
50%    2022-10-15 12:00:00  11.300000
75%    2023-10-07 18:00:00  11.625000
max    2024-09-30 00:00:00  12.800000
std                    NaN   0.757897

[INFO] 2024-09-20 01:35:06 (analyze-nat-gas.py:92) df.head:
       Dates  Prices
0 2020-10-31    10.1
1 2020-11-30    10.3
2 2020-12-31    11.0
3 2021-01-31    10.9
4 2021-02-28    10.9

[INFO] 2024-09-20 01:35:06 (analyze-nat-gas.py:94) 
Calculating statistics...

[INFO] 2024-09-20 01:35:06 (analyze-nat-gas.py:96) 
df['Prices'].mean:
11.207083333333332

[INFO] 2024-09-20 01:35:06 (analyze-nat-gas.py:98) 
df['Prices'].std:
0.7578973105463123

[INFO] 2024-09-20 01:35:06 (analyze-nat-gas.py:100) 
df['Prices'].median:
11.3

[INFO] 2024-09-20 01:35:06 (analyze-nat-gas.py:102) 
df['Prices'].mode:
0    11.5
Name: Prices, dtype: float64

[INFO] 2024-09-20 01:35:06 (analyze-nat-gas.py:104) 
df['Prices'].skew:
0.12636509165164392

[INFO] 2024-09-20 01:35:06 (analyze-nat-gas.py:106) 
df['Prices'].kurt:
-0.6655230197811757

[INFO] 2024-09-20 01:35:06 (analyze-nat-gas.py:108) 
df['Prices'].var:
0.5744083333333333

[INFO] 2024-09-20 01:35:06 (analyze-nat-gas.py:110) 
df['Prices'].quantile:
11.3

[INFO] 2024-09-20 01:35:06 (analyze-nat-gas.py:112) 
df['Prices'].min:
9.84

[INFO] 2024-09-20 01:35:06 (analyze-nat-gas.py:114) 
df['Prices'].max:
12.8

[INFO] 2024-09-20 01:35:06 (analyze-nat-gas.py:116) 
df['Prices'].sum:
537.9399999999999

[INFO] 2024-09-20 01:35:06 (analyze-nat-gas.py:121) Plotting dataframe...
[DEBUG] 2024-09-20 01:35:06 (pyplot.py:487) Loaded backend macosx version unknown.
[INFO] 2024-09-20 01:35:06 (analyze-nat-gas.py:162) Saved plot to /Users/sudo/CodeProjects/JPMC/JPMC-Quant-Research/TaskOne/visuals/scatter_nat_gas.png
